2022-04-02T06:46:55+00:00 CRITICAL syntax error, unexpected 'isset' (T_ISSET), expecting '(' in /home/iwebtech/auction.webtech-evolution.com/wp-content/themes/auction4acause-child/functions.php on line 74

2022-04-02T06:46:55+00:00 CRITICAL syntax error, unexpected 'isset' (T_ISSET), expecting '(' in /home/iwebtech/auction.webtech-evolution.com/wp-content/themes/auction4acause-child/functions.php on line 74

2022-04-02T06:46:56+00:00 CRITICAL syntax error, unexpected 'isset' (T_ISSET), expecting '(' in /home/iwebtech/auction.webtech-evolution.com/wp-content/themes/auction4acause-child/functions.php on line 74

2022-04-02T06:46:56+00:00 CRITICAL syntax error, unexpected 'isset' (T_ISSET), expecting '(' in /home/iwebtech/auction.webtech-evolution.com/wp-content/themes/auction4acause-child/functions.php on line 74

2022-04-02T06:46:57+00:00 CRITICAL syntax error, unexpected 'isset' (T_ISSET), expecting '(' in /home/iwebtech/auction.webtech-evolution.com/wp-content/themes/auction4acause-child/functions.php on line 74

2022-04-02T06:46:58+00:00 CRITICAL syntax error, unexpected 'isset' (T_ISSET), expecting '(' in /home/iwebtech/auction.webtech-evolution.com/wp-content/themes/auction4acause-child/functions.php on line 74

2022-04-02T06:46:59+00:00 CRITICAL syntax error, unexpected 'isset' (T_ISSET), expecting '(' in /home/iwebtech/auction.webtech-evolution.com/wp-content/themes/auction4acause-child/functions.php on line 74

2022-04-02T06:47:00+00:00 CRITICAL syntax error, unexpected 'isset' (T_ISSET), expecting '(' in /home/iwebtech/auction.webtech-evolution.com/wp-content/themes/auction4acause-child/functions.php on line 74

2022-04-02T06:47:01+00:00 CRITICAL syntax error, unexpected 'isset' (T_ISSET), expecting '(' in /home/iwebtech/auction.webtech-evolution.com/wp-content/themes/auction4acause-child/functions.php on line 74

2022-04-02T06:47:02+00:00 CRITICAL syntax error, unexpected 'isset' (T_ISSET), expecting '(' in /home/iwebtech/auction.webtech-evolution.com/wp-content/themes/auction4acause-child/functions.php on line 74

2022-04-02T06:47:03+00:00 CRITICAL syntax error, unexpected 'isset' (T_ISSET), expecting '(' in /home/iwebtech/auction.webtech-evolution.com/wp-content/themes/auction4acause-child/functions.php on line 74

2022-04-02T06:47:04+00:00 CRITICAL syntax error, unexpected 'isset' (T_ISSET), expecting '(' in /home/iwebtech/auction.webtech-evolution.com/wp-content/themes/auction4acause-child/functions.php on line 74

2022-04-02T06:47:05+00:00 CRITICAL syntax error, unexpected 'isset' (T_ISSET), expecting '(' in /home/iwebtech/auction.webtech-evolution.com/wp-content/themes/auction4acause-child/functions.php on line 74

2022-04-02T06:47:06+00:00 CRITICAL syntax error, unexpected 'isset' (T_ISSET), expecting '(' in /home/iwebtech/auction.webtech-evolution.com/wp-content/themes/auction4acause-child/functions.php on line 74

2022-04-02T06:48:23+00:00 CRITICAL syntax error, unexpected 'isset' (T_ISSET), expecting '(' in /home/iwebtech/auction.webtech-evolution.com/wp-content/themes/auction4acause-child/functions.php on line 74

2022-04-02T06:48:23+00:00 CRITICAL syntax error, unexpected 'isset' (T_ISSET), expecting '(' in /home/iwebtech/auction.webtech-evolution.com/wp-content/themes/auction4acause-child/functions.php on line 74

2022-04-02T06:48:23+00:00 CRITICAL syntax error, unexpected 'isset' (T_ISSET), expecting '(' in /home/iwebtech/auction.webtech-evolution.com/wp-content/themes/auction4acause-child/functions.php on line 74

2022-04-02T06:48:24+00:00 CRITICAL syntax error, unexpected 'isset' (T_ISSET), expecting '(' in /home/iwebtech/auction.webtech-evolution.com/wp-content/themes/auction4acause-child/functions.php on line 74

2022-04-02T06:48:34+00:00 CRITICAL syntax error, unexpected 'isset' (T_ISSET), expecting '(' in /home/iwebtech/auction.webtech-evolution.com/wp-content/themes/auction4acause-child/functions.php on line 74

2022-04-02T06:48:36+00:00 CRITICAL syntax error, unexpected 'isset' (T_ISSET), expecting '(' in /home/iwebtech/auction.webtech-evolution.com/wp-content/themes/auction4acause-child/functions.php on line 74

2022-04-02T06:48:51+00:00 CRITICAL syntax error, unexpected 'isset' (T_ISSET), expecting '(' in /home/iwebtech/auction.webtech-evolution.com/wp-content/themes/auction4acause-child/functions.php on line 74

2022-04-02T06:48:55+00:00 CRITICAL syntax error, unexpected 'isset' (T_ISSET), expecting '(' in /home/iwebtech/auction.webtech-evolution.com/wp-content/themes/auction4acause-child/functions.php on line 74

2022-04-02T06:48:56+00:00 CRITICAL syntax error, unexpected 'isset' (T_ISSET), expecting '(' in /home/iwebtech/auction.webtech-evolution.com/wp-content/themes/auction4acause-child/functions.php on line 74

2022-04-02T06:48:57+00:00 CRITICAL syntax error, unexpected 'isset' (T_ISSET), expecting '(' in /home/iwebtech/auction.webtech-evolution.com/wp-content/themes/auction4acause-child/functions.php on line 74

2022-04-02T06:49:12+00:00 CRITICAL syntax error, unexpected 'isset' (T_ISSET), expecting '(' in /home/iwebtech/auction.webtech-evolution.com/wp-content/themes/auction4acause-child/functions.php on line 74

2022-04-02T06:49:19+00:00 CRITICAL syntax error, unexpected ')', expecting ']' in /home/iwebtech/auction.webtech-evolution.com/wp-content/themes/auction4acause-child/functions.php on line 74

2022-04-02T06:49:20+00:00 CRITICAL syntax error, unexpected ')', expecting ']' in /home/iwebtech/auction.webtech-evolution.com/wp-content/themes/auction4acause-child/functions.php on line 74

2022-04-02T06:49:21+00:00 CRITICAL syntax error, unexpected ')', expecting ']' in /home/iwebtech/auction.webtech-evolution.com/wp-content/themes/auction4acause-child/functions.php on line 74

2022-04-02T07:17:13+00:00 CRITICAL Uncaught Error: Call to undefined function ibid_redux() in /home/iwebtech/auction.webtech-evolution.com/wp-content/themes/auction4acause/header.php:11
Stack trace:
#0 /home/iwebtech/auction.webtech-evolution.com/wp-includes/template.php(770): require_once()
#1 /home/iwebtech/auction.webtech-evolution.com/wp-includes/template.php(716): load_template('/home/iwebtech/...', true, Array)
#2 /home/iwebtech/auction.webtech-evolution.com/wp-includes/general-template.php(48): locate_template(Array, true, true, Array)
#3 /home/iwebtech/auction.webtech-evolution.com/wp-content/themes/auction4acause/page.php(13): get_header()
#4 /home/iwebtech/auction.webtech-evolution.com/wp-includes/template-loader.php(106): include('/home/iwebtech/...')
#5 /home/iwebtech/auction.webtech-evolution.com/wp-blog-header.php(19): require_once('/home/iwebtech/...')
#6 /home/iwebtech/auction.webtech-evolution.com/index.php(17): require('/home/iwebtech/...')
#7 {main}
  thrown in /home/iwebtech/auction.webtech-evolution.com/wp-content/themes/auction4acause/header.php on line 11

2022-04-02T09:06:34+00:00 CRITICAL syntax error, unexpected ''<div class="c' (T_ENCAPSED_AND_WHITESPACE) in /home/iwebtech/auction.webtech-evolution.com/wp-content/themes/auction4acause/functions.php on line 663

